<?xml version="1.0" encoding="UTF-8"?>
<testsuites name="jest tests" tests="14" failures="0" time="4.302">
  <testsuite name="Export and Import XML files to workspace" errors="0" failures="0" skipped="0" timestamp="2019-11-04T22:35:03" time="1.856" tests="1">
    <testcase classname="Export and Import XML files to workspace Blocks export/import Xml" name="Export and Import XML files to workspace Blocks export/import Xml" time="1.158">
    </testcase>
  </testsuite>
  <testsuite name="Filesystem msg tests" errors="0" failures="0" skipped="0" timestamp="2019-11-04T22:35:03" time="2.52" tests="4">
    <testcase classname="Filesystem msg tests JSON exists for catroid_strings xml file" name="Filesystem msg tests JSON exists for catroid_strings xml file" time="0.017">
    </testcase>
    <testcase classname="Filesystem msg tests JSON includes all i18n definitions" name="Filesystem msg tests JSON includes all i18n definitions" time="0.948">
    </testcase>
    <testcase classname="Filesystem msg tests Lang JSON file linked in CatblocksMsg.js" name="Filesystem msg tests Lang JSON file linked in CatblocksMsg.js" time="0.01">
    </testcase>
    <testcase classname="Webview test en_GB Messages assigned to Blockly" name="Webview test en_GB Messages assigned to Blockly" time="0.788">
    </testcase>
  </testsuite>
  <testsuite name="Filesystem Block tests" errors="0" failures="0" skipped="0" timestamp="2019-11-04T22:35:03" time="3.771" tests="9">
    <testcase classname="Filesystem Block tests Block Messages exists in i18n/strings_to_json_mapping.json" name="Filesystem Block tests Block Messages exists in i18n/strings_to_json_mapping.json" time="0.035">
    </testcase>
    <testcase classname="Filesystem Block tests Block argsCount match with i18n/strings_to_json_mapping.json" name="Filesystem Block tests Block argsCount match with i18n/strings_to_json_mapping.json" time="0.01">
    </testcase>
    <testcase classname="Filesystem Block tests All Blocks exists in Toolbox" name="Filesystem Block tests All Blocks exists in Toolbox" time="0.019">
    </testcase>
    <testcase classname="WebView Block tests Workspace initialization Empty workspace is loaded with toolbox" name="WebView Block tests Workspace initialization Empty workspace is loaded with toolbox" time="1.012">
    </testcase>
    <testcase classname="WebView Block tests Workspace initialization Found empty userWorkspace and not empty Toolbox" name="WebView Block tests Workspace initialization Found empty userWorkspace and not empty Toolbox" time="0.659">
    </testcase>
    <testcase classname="WebView Block tests Workspace initialization Toolbox includes all Blocks" name="WebView Block tests Workspace initialization Toolbox includes all Blocks" time="0.485">
    </testcase>
    <testcase classname="WebView Block tests Workspace initialization Toolbox includes all Categories" name="WebView Block tests Workspace initialization Toolbox includes all Categories" time="0.389">
    </testcase>
    <testcase classname="WebView Block tests Workspace initialization Toolbox rendered all Blocks properly" name="WebView Block tests Workspace initialization Toolbox rendered all Blocks properly" time="0.392">
    </testcase>
    <testcase classname="WebView Block tests Workspace actions Add all Blockly from toolbox ones to workspace via JS" name="WebView Block tests Workspace actions Add all Blockly from toolbox ones to workspace via JS" time="0.079">
    </testcase>
  </testsuite>
</testsuites>